<?xml version="1.0" encoding="UTF-8" ?>
<testsuite failures="0" time="3.884" errors="0" skipped="0" tests="1" name="net.sf.robocode.test.robots.TestRobotDeathEvents">
  <properties>
    <property name="java.runtime.name" value="Java(TM) SE Runtime Environment"/>
    <property name="sun.boot.library.path" value="D:\Software\jdk\jre\bin"/>
    <property name="java.vm.version" value="16.0-b13"/>
    <property name="java.vm.vendor" value="Sun Microsystems Inc."/>
    <property name="java.vendor.url" value="http://java.sun.com/"/>
    <property name="path.separator" value=";"/>
    <property name="java.vm.name" value="Java HotSpot(TM) Client VM"/>
    <property name="file.encoding.pkg" value="sun.io"/>
    <property name="user.country" value="US"/>
    <property name="sun.java.launcher" value="SUN_STANDARD"/>
    <property name="sun.os.patch.level" value=""/>
    <property name="java.vm.specification.name" value="Java Virtual Machine Specification"/>
    <property name="user.dir" value="D:\RMIT_Learning\Robocode-workspace\robocode\robocode.tests"/>
    <property name="ROBOTPATH" value="D:\RMIT_Learning\Robocode-workspace\robocode\robocode.tests.robots/target/classes"/>
    <property name="java.runtime.version" value="1.6.0_18-b07"/>
    <property name="WORKINGDIRECTORY" value="target/test-classes"/>
    <property name="java.awt.graphicsenv" value="sun.awt.Win32GraphicsEnvironment"/>
    <property name="basedir" value="D:\RMIT_Learning\Robocode-workspace\robocode\robocode.tests"/>
    <property name="java.endorsed.dirs" value="D:\Software\jdk\jre\lib\endorsed"/>
    <property name="os.arch" value="x86"/>
    <property name="surefire.real.class.path" value="C:\Users\KHANGV~1\AppData\Local\Temp\surefirebooter5853634378381165868.jar"/>
    <property name="java.io.tmpdir" value="C:\Users\KHANGV~1\AppData\Local\Temp\"/>
    <property name="line.separator" value="
"/>
    <property name="java.vm.specification.vendor" value="Sun Microsystems Inc."/>
    <property name="user.variant" value=""/>
    <property name="os.name" value="Windows 7"/>
    <property name="EXPERIMENTAL" value="true"/>
    <property name="sun.jnu.encoding" value="Cp1252"/>
    <property name="java.library.path" value="D:\Software\jdk\jre\bin;.;C:\Windows\Sun\Java\bin;C:\Windows\system32;C:\Windows;D:\Software\TC UP\PLUGINS\Library;C:\Program Files\PHP\;C:\Windows\system32;C:\Windows;C:\Windows\System32\Wbem;C:\Windows\System32\WindowsPowerShell\v1.0\;D:\Software\TC UP\PLUGINS\Library;C:\Program Files\QuickTime\QTSystem\;D:\Software\openCV\OpenCV2.0\bin;C:\Program Files\Microsoft SQL Server\90\Tools\binn\;C:\Program Files\Calibre2\;PATH=C:\Program Files\PHP\;C:\Windows\system32;C:\Windows;C:\Windows\System32\Wbem;C:\Windows\System32\WindowsPowerShell\v1.0\;D:\Software\TC UP\PLUGINS\Library;C:\Program Files\QuickTime\QTSystem\;D:\Software\openCV\OpenCV2.0\bin;C:\Program Files\Microsoft SQL Server\90\Tools\binn\;C:\Program Files\Calibre2\;PATH=C:\Program Files\PHP\;C:\Windows\system32;C:\Windows;C:\Windows\System32\Wbem;C:\Windows\System32\WindowsPowerShell\v1.0\;D:\Software\TC UP\PLUGINS\Library;C:\Program Files\QuickTime\QTSystem\;D:\Software\openCV\OpenCV2.0\bin;C:\Program Files\Microsoft SQL Server\90\Tools\binn\;C:\Program Files\Calibre2\;PATH=C:\Windows\System32;JAVA_HOME\bin;D:\Software\svn\bin;JAVA_HOME\bin;D:\Software\svn\bin;JAVA_HOME\bin;D:\Software\svn\bin;D:\Software\TC UP\lib\"/>
    <property name="surefire.test.class.path" value="D:\RMIT_Learning\Robocode-workspace\robocode\robocode.tests\target\test-classes;D:\RMIT_Learning\Robocode-workspace\robocode\robocode.tests\target\classes;D:\RMIT_Learning\Robocode-workspace\robocode\robocode.api\target\robocode.jar;D:\RMIT_Learning\Robocode-workspace\robocode\robocode.tests.robots\target\robocode.tests.robots-1.7.2.0-Beta-2.jar;C:\Users\Khang Vo\.m2\repository\junit\junit\4.5\junit-4.5.jar;D:\RMIT_Learning\Robocode-workspace\robocode\robocode.core\target\robocode.core-1.7.2.0-Beta-2.jar;C:\Users\Khang Vo\.m2\repository\org\picocontainer\picocontainer\2.6\picocontainer-2.6.jar;D:\RMIT_Learning\Robocode-workspace\robocode\robocode.samples\target\robocode.samples-1.7.2.0-Beta-2.jar;D:\RMIT_Learning\Robocode-workspace\robocode\robocode.host\target\robocode.host-1.7.2.0-Beta-2.jar;D:\RMIT_Learning\Robocode-workspace\robocode\robocode.battle\target\robocode.battle-1.7.2.0-Beta-2.jar;D:\RMIT_Learning\Robocode-workspace\robocode\robocode.repository\target\robocode.repository-1.7.2.0-Beta-2.jar;C:\Users\Khang Vo\.m2\repository\net\sf\robocode\codesize\1.1\codesize-1.1.jar;"/>
    <property name="robocode.class.path" value="D:\RMIT_Learning\Robocode-workspace\robocode\robocode.tests\target\test-classes;D:\RMIT_Learning\Robocode-workspace\robocode\robocode.tests\target\classes;D:\RMIT_Learning\Robocode-workspace\robocode\robocode.api\target\robocode.jar;D:\RMIT_Learning\Robocode-workspace\robocode\robocode.tests.robots\target\robocode.tests.robots-1.7.2.0-Beta-2.jar;C:\Users\Khang Vo\.m2\repository\junit\junit\4.5\junit-4.5.jar;D:\RMIT_Learning\Robocode-workspace\robocode\robocode.core\target\robocode.core-1.7.2.0-Beta-2.jar;C:\Users\Khang Vo\.m2\repository\org\picocontainer\picocontainer\2.6\picocontainer-2.6.jar;D:\RMIT_Learning\Robocode-workspace\robocode\robocode.samples\target\robocode.samples-1.7.2.0-Beta-2.jar;D:\RMIT_Learning\Robocode-workspace\robocode\robocode.host\target\robocode.host-1.7.2.0-Beta-2.jar;D:\RMIT_Learning\Robocode-workspace\robocode\robocode.battle\target\robocode.battle-1.7.2.0-Beta-2.jar;D:\RMIT_Learning\Robocode-workspace\robocode\robocode.repository\target\robocode.repository-1.7.2.0-Beta-2.jar;C:\Users\Khang Vo\.m2\repository\net\sf\robocode\codesize\1.1\codesize-1.1.jar;"/>
    <property name="java.specification.name" value="Java Platform API Specification"/>
    <property name="java.class.version" value="50.0"/>
    <property name="sun.management.compiler" value="HotSpot Client Compiler"/>
    <property name="os.version" value="6.1"/>
    <property name="user.home" value="C:\Users\Khang Vo"/>
    <property name="user.timezone" value="Asia/Bangkok"/>
    <property name="java.awt.printerjob" value="sun.awt.windows.WPrinterJob"/>
    <property name="java.specification.version" value="1.6"/>
    <property name="file.encoding" value="Cp1252"/>
    <property name="user.name" value="Khang Vo"/>
    <property name="java.class.path" value="D:\RMIT_Learning\Robocode-workspace\robocode\robocode.tests\target\test-classes;D:\RMIT_Learning\Robocode-workspace\robocode\robocode.tests\target\classes;D:\RMIT_Learning\Robocode-workspace\robocode\robocode.api\target\robocode.jar;D:\RMIT_Learning\Robocode-workspace\robocode\robocode.tests.robots\target\robocode.tests.robots-1.7.2.0-Beta-2.jar;C:\Users\Khang Vo\.m2\repository\junit\junit\4.5\junit-4.5.jar;D:\RMIT_Learning\Robocode-workspace\robocode\robocode.core\target\robocode.core-1.7.2.0-Beta-2.jar;C:\Users\Khang Vo\.m2\repository\org\picocontainer\picocontainer\2.6\picocontainer-2.6.jar;D:\RMIT_Learning\Robocode-workspace\robocode\robocode.samples\target\robocode.samples-1.7.2.0-Beta-2.jar;D:\RMIT_Learning\Robocode-workspace\robocode\robocode.host\target\robocode.host-1.7.2.0-Beta-2.jar;D:\RMIT_Learning\Robocode-workspace\robocode\robocode.battle\target\robocode.battle-1.7.2.0-Beta-2.jar;D:\RMIT_Learning\Robocode-workspace\robocode\robocode.repository\target\robocode.repository-1.7.2.0-Beta-2.jar;C:\Users\Khang Vo\.m2\repository\net\sf\robocode\codesize\1.1\codesize-1.1.jar;"/>
    <property name="java.vm.specification.version" value="1.0"/>
    <property name="sun.arch.data.model" value="32"/>
    <property name="java.home" value="D:\Software\jdk\jre"/>
    <property name="java.specification.vendor" value="Sun Microsystems Inc."/>
    <property name="user.language" value="en"/>
    <property name="awt.toolkit" value="sun.awt.windows.WToolkit"/>
    <property name="java.vm.info" value="mixed mode, sharing"/>
    <property name="java.version" value="1.6.0_18"/>
    <property name="java.ext.dirs" value="D:\Software\jdk\jre\lib\ext;C:\Windows\Sun\Java\lib\ext"/>
    <property name="sun.boot.class.path" value="D:\Software\jdk\jre\lib\resources.jar;D:\Software\jdk\jre\lib\rt.jar;D:\Software\jdk\jre\lib\sunrsasign.jar;D:\Software\jdk\jre\lib\jsse.jar;D:\Software\jdk\jre\lib\jce.jar;D:\Software\jdk\jre\lib\charsets.jar;D:\Software\jdk\jre\classes"/>
    <property name="java.vendor" value="Sun Microsystems Inc."/>
    <property name="localRepository" value="C:\Users\Khang Vo\.m2\repository"/>
    <property name="file.separator" value="\"/>
    <property name="java.vendor.url.bug" value="http://java.sun.com/cgi-bin/bugreport.cgi"/>
    <property name="sun.cpu.endian" value="little"/>
    <property name="sun.io.unicode.encoding" value="UnicodeLittle"/>
    <property name="TESTING" value="true"/>
    <property name="sun.desktop" value="windows"/>
    <property name="sun.cpu.isalist" value="pentium_pro+mmx pentium_pro pentium+mmx pentium i486 i386 i86"/>
  </properties>
  <testcase time="3.774" classname="net.sf.robocode.test.robots.TestRobotDeathEvents" name="run"/>
</testsuite>